<?xml version="1.0" encoding="UTF-8"?>
<testsuite name="ProgramGeneratorTest" tests="1" skipped="0" failures="1" errors="0" timestamp="2017-12-16T23:21:02" hostname="Nomans-MacBook-Pro.local" time="0.101">
  <properties/>
  <testcase name="queueProcessingTest" classname="ProgramGeneratorTest" time="0.101">
    <failure message="java.lang.IndexOutOfBoundsException: Index: 0, Size: 0" type="java.lang.IndexOutOfBoundsException">java.lang.IndexOutOfBoundsException: Index: 0, Size: 0
	at java.util.ArrayList.rangeCheck(ArrayList.java:653)
	at java.util.ArrayList.get(ArrayList.java:429)
	at ProgramGenerator.queueProcessing(ProgramGenerator.java:110)
	at ProgramGeneratorTest.queueProcessingTest(ProgramGeneratorTest.java:27)
	at sun.reflect.NativeMethodAccessorImpl.invoke0(Native Method)
	at sun.reflect.NativeMethodAccessorImpl.invoke(NativeMethodAccessorImpl.java:62)
	at sun.reflect.DelegatingMethodAccessorImpl.invoke(DelegatingMethodAccessorImpl.java:43)
	at java.lang.reflect.Method.invoke(Method.java:498)
	at org.junit.runners.model.FrameworkMethod$1.runReflectiveCall(FrameworkMethod.java:50)
	at org.junit.internal.runners.model.ReflectiveCallable.run(ReflectiveCallable.java:12)
	at org.junit.runners.model.FrameworkMethod.invokeExplosively(FrameworkMethod.java:47)
	at org.junit.internal.runners.statements.InvokeMethod.evaluate(InvokeMethod.java:17)
	at org.junit.internal.runners.statements.RunBefores.evaluate(RunBefores.java:26)
	at org.junit.runners.ParentRunner.runLeaf(ParentRunner.java:325)
	at org.junit.runners.BlockJUnit4ClassRunner.runChild(BlockJUnit4ClassRunner.java:78)
	at org.junit.runners.BlockJUnit4ClassRunner.runChild(BlockJUnit4ClassRunner.java:57)
	at org.junit.runners.ParentRunner$3.run(ParentRunner.java:290)
	at org.junit.runners.ParentRunner$1.schedule(ParentRunner.java:71)
	at org.junit.runners.ParentRunner.runChildren(ParentRunner.java:288)
	at org.junit.runners.ParentRunner.access$000(ParentRunner.java:58)
	at org.junit.runners.ParentRunner$2.evaluate(ParentRunner.java:268)
	at org.junit.runners.ParentRunner.run(ParentRunner.java:363)
	at org.gradle.api.internal.tasks.testing.junit.JUnitTestClassExecuter.runTestClass(JUnitTestClassExecuter.java:114)
	at org.gradle.api.internal.tasks.testing.junit.JUnitTestClassExecuter.execute(JUnitTestClassExecuter.java:57)
	at org.gradle.api.internal.tasks.testing.junit.JUnitTestClassProcessor.processTestClass(JUnitTestClassProcessor.java:66)
	at org.gradle.api.internal.tasks.testing.SuiteTestClassProcessor.processTestClass(SuiteTestClassProcessor.java:51)
	at sun.reflect.NativeMethodAccessorImpl.invoke0(Native Method)
	at sun.reflect.NativeMethodAccessorImpl.invoke(NativeMethodAccessorImpl.java:62)
	at sun.reflect.DelegatingMethodAccessorImpl.invoke(DelegatingMethodAccessorImpl.java:43)
	at java.lang.reflect.Method.invoke(Method.java:498)
	at org.gradle.internal.dispatch.ReflectionDispatch.dispatch(ReflectionDispatch.java:35)
	at org.gradle.internal.dispatch.ReflectionDispatch.dispatch(ReflectionDispatch.java:24)
	at org.gradle.internal.dispatch.ContextClassLoaderDispatch.dispatch(ContextClassLoaderDispatch.java:32)
	at org.gradle.internal.dispatch.ProxyDispatchAdapter$DispatchingInvocationHandler.invoke(ProxyDispatchAdapter.java:93)
	at com.sun.proxy.$Proxy2.processTestClass(Unknown Source)
	at org.gradle.api.internal.tasks.testing.worker.TestWorker.processTestClass(TestWorker.java:109)
	at sun.reflect.NativeMethodAccessorImpl.invoke0(Native Method)
	at sun.reflect.NativeMethodAccessorImpl.invoke(NativeMethodAccessorImpl.java:62)
	at sun.reflect.DelegatingMethodAccessorImpl.invoke(DelegatingMethodAccessorImpl.java:43)
	at java.lang.reflect.Method.invoke(Method.java:498)
	at org.gradle.internal.dispatch.ReflectionDispatch.dispatch(ReflectionDispatch.java:35)
	at org.gradle.internal.dispatch.ReflectionDispatch.dispatch(ReflectionDispatch.java:24)
	at org.gradle.internal.remote.internal.hub.MessageHubBackedObjectConnection$DispatchWrapper.dispatch(MessageHubBackedObjectConnection.java:147)
	at org.gradle.internal.remote.internal.hub.MessageHubBackedObjectConnection$DispatchWrapper.dispatch(MessageHubBackedObjectConnection.java:129)
	at org.gradle.internal.remote.internal.hub.MessageHub$Handler.run(MessageHub.java:404)
	at org.gradle.internal.concurrent.ExecutorPolicy$CatchAndRecordFailures.onExecute(ExecutorPolicy.java:63)
	at org.gradle.internal.concurrent.StoppableExecutorImpl$1.run(StoppableExecutorImpl.java:46)
	at java.util.concurrent.ThreadPoolExecutor.runWorker(ThreadPoolExecutor.java:1149)
	at java.util.concurrent.ThreadPoolExecutor$Worker.run(ThreadPoolExecutor.java:624)
	at java.lang.Thread.run(Thread.java:748)
</failure>
  </testcase>
  <system-out><![CDATA[String after queue processing-private class AfKLY {  = ;
  = ;
  = ;
 }
String after queue processing-public class PUwEY {  = ;
  = ;
  = ;
 }
String after queue processing-public interface { }
String after queue processing-public interface { }
String after queue processing-private interface { }
String after queue processing-public interface { }
String after queue processing-public interface { }
String after queue processing-private class IIKWX {  = ;
  = ;
  = ;
 }
String after queue processing-public interface { }
String after queue processing-private class CbgGM {  = ;
  = ;
  = ;
 }
String after queue processing-private class JW {  = ;
  = ;
  = ;
 }
String after queue processing-private interface { }
String after queue processing-private class Xh {  = ;
  = ;
  = ;
 }
String after queue processing-private interface { }
String after queue processing-public interface { }
String after queue processing-private interface { }
String after queue processing-public class EB {  = ;
  = ;
  = ;
 }
String after queue processing-public class HRR {  = ;
  = ;
  = ;
 }
String after queue processing-public class IRri {  = ;
  = ;
  = ;
 }
String after queue processing-public class Rh {  = ;
  = ;
  = ;
 }
String after queue processing-public class BFxKJ {  = ;
  = ;
  = ;
 }
String after queue processing-private class SOXb {  = ;
  = ;
  = ;
 }
String after queue processing-public class TemD {  = ;
  = ;
  = ;
 }
String after queue processing-private class UPMyp {  = ;
  = ;
  = ;
 }
String after queue processing-private class NSgTG {  = ;
  = ;
  = ;
 }
String after queue processing-private class Bqcd {  = ;
  = ;
  = ;
 }
String after queue processing-public class PJgn {  = ;
  = ;
  = ;
 }
String after queue processing-private class Lk {  = ;
  = ;
  = ;
 }
String after queue processing-public class RGr {  = ;
  = ;
  = ;
 }
String after queue processing-private class CCste {  = ;
  = ;
  = ;
 }
String after queue processing-private class NRgVE {  = ;
  = ;
  = ;
 }
String after queue processing-public class JxQAH {  = ;
  = ;
  = ;
 }
String after queue processing-private class LEo {  = ;
  = ;
  = ;
 }
]]></system-out>
  <system-err><![CDATA[]]></system-err>
</testsuite>
