<?xml version="1.0" encoding="UTF-8"?>
<testsuite name="Utils.TestConfigurationLoading" tests="1" skipped="0" failures="0" errors="0" timestamp="2017-12-16T23:21:43" hostname="Nomans-MacBook-Pro.local" time="0.002">
  <properties/>
  <testcase name="testConfigurationLoad" classname="Utils.TestConfigurationLoading" time="0.002"/>
  <system-out><![CDATA[Utils.Configuration@4e55c1a9
]]></system-out>
  <system-err><![CDATA[]]></system-err>
</testsuite>
